<?xml version="1.0" encoding="UTF-8"?>
<testng-results skipped="0" failed="0" ignored="0" total="1" passed="1">
  <reporter-output>
  </reporter-output>
  <suite name="Default suite" duration-ms="17449" started-at="2017-11-14T07:56:45Z" finished-at="2017-11-14T07:57:02Z">
    <groups>
    </groups>
    <test name="Default test" duration-ms="17449" started-at="2017-11-14T07:56:45Z" finished-at="2017-11-14T07:57:02Z">
      <class name="DragDrop">
        <test-method status="PASS" signature="setUp()[pri:0, instance:DragDrop@5f375618]" name="setUp" is-config="true" duration-ms="10193" started-at="2017-11-14T13:26:45Z" finished-at="2017-11-14T13:26:55Z">
          <reporter-output>
          </reporter-output>
        </test-method> <!-- setUp -->
        <test-method status="PASS" signature="dragDrop()[pri:0, instance:DragDrop@5f375618]" name="dragDrop" duration-ms="5023" started-at="2017-11-14T13:26:55Z" finished-at="2017-11-14T13:27:00Z">
          <reporter-output>
          </reporter-output>
        </test-method> <!-- dragDrop -->
        <test-method status="PASS" signature="End()[pri:0, instance:DragDrop@5f375618]" name="End" is-config="true" duration-ms="2200" started-at="2017-11-14T13:27:00Z" finished-at="2017-11-14T13:27:02Z">
          <reporter-output>
          </reporter-output>
        </test-method> <!-- End -->
      </class> <!-- DragDrop -->
    </test> <!-- Default test -->
  </suite> <!-- Default suite -->
</testng-results>
